%!Adobe-FontList 1.22
%Locale:0x80a

%BeginFont
Handler:DirectoryHandler
FontType:TrueType
FontName:DINAlternate-Bold
FamilyName:DIN Alternate
StyleName:Bold
FullName:DIN Alternate Bold
MenuName:DIN Alternate
StyleBits:2
WritingScript:Roman
OutlineFileName:C:\Users\STIVMAY\Documents\DEVAPPS\KREA\Krea-app\src\assets\Font\DINAlternate-Bold.ttf
DataFormat:sfntData
hasSVG:no
VariableFontType:NonVariableFont
FileLength:122040
FileModTime:1644055236
WeightClass:700
WidthClass:5
AngleClass:0
NameArray:0,Mac,18,DIN Alternate Bold
NameArray:0,Mac,4,DIN Alternate Bold
NameArray:0,Win,1,DIN Alternate
%EndFont

